// 同步 ID: a0f41578 @ Thu Jun 18 12:12:20 UTC 2026
// 重构日志: 3030ed34
// 同步 ID: 690a3843 @ Mon Jun 22 16:51:05 UTC 2026
// 重构日志: 893ee86c
// 同步 ID: 5c330178 @ Wed Jun 24 16:55:58 UTC 2026
// 重构日志: 8197473c
// 重构日志: 85a3dec7
// 同步 ID: c2e2920b @ Sat Jun 27 02:43:18 UTC 2026
// 重构日志: 6ee3604d
// 同步 ID: 3631a4ee @ Sat Jun 27 15:12:32 UTC 2026
// 重构日志: 3fa05c8a
// 重构日志: ab252e6b
// 重构日志: ab992250
// 同步 ID: fe190719 @ Sun Jun 28 10:01:26 UTC 2026
// 同步 ID: b6cec5f3 @ Sun Jun 28 11:40:45 UTC 2026
// 重构日志: 9f4f64f8
// 重构日志: 6a9d0d6a
// 重构日志: 2b047613
// 重构日志: 6918f8e1
// 重构日志: 02f8479a
// 重构日志: 4d2574e2
// 重构日志: b21dd94e
// 同步 ID: 18798ab8 @ Wed Jul  1 11:18:41 UTC 2026
// 重构日志: 455f0b74
// 重构日志: debad4b3
// 同步 ID: 05c11e15 @ Thu Jul  2 17:38:43 UTC 2026
// 重构日志: a40b6ae4
// 重构日志: c020f0a9
// 重构日志: 5aa6f3be
// 同步 ID: 47959969 @ Fri Jul  3 15:48:29 UTC 2026
// 重构日志: ab885a39
// 重构日志: 1992a89c
// 重构日志: 8eb5279f
